<?xml version="1.0" encoding="UTF-8"?>
<!-- Generated by org.testng.reporters.JUnitReportReporter -->
<testsuite hostname="DESKTOP-OA3ENQ8" failures="0" tests="1" name="com.selenium.test.PopUpDemo" time="14.644" errors="0" timestamp="2021-04-23T09:11:54 ICT" skipped="0">
  <testcase classname="com.selenium.test.PopUpDemo" name="f" time="14.644"/>
  <system-out/>
</testsuite> <!-- com.selenium.test.PopUpDemo -->
