<?xml version="1.0" encoding="UTF-8"?>
<!-- Generated by org.testng.reporters.JUnitReportReporter -->
<testsuite hostname="DESKTOP-OA3ENQ8" failures="0" tests="1" name="com.selenium.testflow.Bai6" time="20.097" errors="0" timestamp="2021-04-27T13:06:08 ICT" skipped="0">
  <testcase classname="com.selenium.testflow.Bai6" name="f" time="20.097"/>
  <system-out/>
</testsuite> <!-- com.selenium.testflow.Bai6 -->
