<?xml version="1.0" encoding="UTF-8"?>
<!-- Generated by org.testng.reporters.JUnitReportReporter -->
<testsuite hostname="DESKTOP-OA3ENQ8" failures="0" tests="1" name="com.selenium.test.CheckboxDemo" time="13.020" errors="0" timestamp="2021-04-22T15:24:29 ICT" skipped="0">
  <testcase classname="com.selenium.test.CheckboxDemo" name="checkBoxTest" time="13.020"/>
  <system-out/>
</testsuite> <!-- com.selenium.test.CheckboxDemo -->
