<?xml version="1.0" encoding="UTF-8"?>
<!-- Generated by org.testng.reporters.JUnitReportReporter -->
<testsuite hostname="DESKTOP-OA3ENQ8" failures="0" tests="1" name="com.selenium.test.AlertDemo" time="8.993" errors="0" timestamp="2021-04-23T09:42:54 ICT" skipped="0">
  <testcase classname="com.selenium.test.AlertDemo" name="confirmAlert" time="8.993"/>
  <system-out/>
</testsuite> <!-- com.selenium.test.AlertDemo -->
