<?xml version="1.0" encoding="UTF-8"?>
<!-- Generated by org.testng.reporters.JUnitReportReporter -->
<testsuite hostname="DESKTOP-OA3ENQ8" failures="0" tests="1" name="com.selenium.testflow.Bai4" time="4.444" errors="0" timestamp="2021-04-27T11:11:08 ICT" skipped="0">
  <testcase classname="com.selenium.testflow.Bai4" name="f" time="4.444"/>
  <system-out/>
</testsuite> <!-- com.selenium.testflow.Bai4 -->
