<?xml version="1.0" encoding="UTF-8"?>
<!-- Generated by org.testng.reporters.JUnitReportReporter -->
<testsuite hostname="DESKTOP-OA3ENQ8" failures="0" tests="1" name="com.selenium.test.DropDownListDemo" time="7.303" errors="0" timestamp="2021-04-26T10:26:44 ICT" skipped="0">
  <testcase classname="com.selenium.test.DropDownListDemo" name="dropDownDemo" time="7.303"/>
  <system-out/>
</testsuite> <!-- com.selenium.test.DropDownListDemo -->
