<?xml version="1.0" encoding="UTF-8"?>
<!-- Generated by org.testng.reporters.JUnitReportReporter -->
<testsuite hostname="DESKTOP-OA3ENQ8" failures="0" tests="1" name="com.selenium.ecercise.Bai3" time="5.881" errors="0" timestamp="2021-04-27T14:20:37 ICT" skipped="0">
  <testcase classname="com.selenium.ecercise.Bai3" name="basic" time="5.881"/>
  <system-out/>
</testsuite> <!-- com.selenium.ecercise.Bai3 -->
