<?xml version="1.0" encoding="UTF-8"?>
<!-- Generated by org.testng.reporters.JUnitReportReporter -->
<testsuite hostname="DESKTOP-OA3ENQ8" failures="0" tests="1" name="com.selenium.testflow.Bai1" time="10.986" errors="0" timestamp="2021-04-26T17:36:35 ICT" skipped="0">
  <testcase classname="com.selenium.testflow.Bai1" name="f" time="10.986"/>
  <system-out/>
</testsuite> <!-- com.selenium.testflow.Bai1 -->
