<?xml version="1.0" encoding="UTF-8"?>
<!-- Generated by org.testng.reporters.JUnitReportReporter -->
<testsuite hostname="DESKTOP-OA3ENQ8" failures="0" tests="3" name="com.selenium.ecercise.Bai8" time="13.626" errors="0" timestamp="2021-04-27T14:20:37 ICT" skipped="0">
  <testcase classname="com.selenium.ecercise.Bai8" name="personsInNewYorkBySearch" time="6.035"/>
  <system-out/>
  <testcase classname="com.selenium.ecercise.Bai8" name="AccountantInTokyo" time="3.586"/>
  <system-out/>
  <testcase classname="com.selenium.ecercise.Bai8" name="personsInNewYork" time="4.005"/>
  <system-out/>
</testsuite> <!-- com.selenium.ecercise.Bai8 -->
