<?xml version="1.0" encoding="UTF-8"?>
<!-- Generated by org.testng.reporters.JUnitReportReporter -->
<testsuite hostname="DESKTOP-OA3ENQ8" failures="0" tests="4" name="com.selenium.ecercise.Bai1" time="39.053" errors="0" timestamp="2021-04-27T14:35:35 ICT" skipped="0">
  <testcase classname="com.selenium.ecercise.Bai1" name="textDataFromExcel" time="22.023"/>
  <system-out/>
  <testcase classname="com.selenium.ecercise.Bai1" name="dataFromProvider" time="2.739"/>
  <system-out/>
  <testcase classname="com.selenium.ecercise.Bai1" name="inputTextAndShowResult" time="6.831"/>
  <system-out/>
  <testcase classname="com.selenium.ecercise.Bai1" name="dataFromProvider" time="7.460"/>
  <system-out/>
</testsuite> <!-- com.selenium.ecercise.Bai1 -->
