<?xml version="1.0" encoding="UTF-8"?>
<!-- Generated by org.testng.reporters.JUnitReportReporter -->
<testsuite hostname="DESKTOP-OA3ENQ8" failures="0" tests="1" name="com.selenium.ecercise.Bai4" time="4.214" errors="0" timestamp="2021-04-27T15:10:00 ICT" skipped="0">
  <testcase classname="com.selenium.ecercise.Bai4" name="getDataFromExcel" time="4.214"/>
  <system-out/>
</testsuite> <!-- com.selenium.ecercise.Bai4 -->
