<?xml version="1.0" encoding="UTF-8"?>
<!-- Generated by org.testng.reporters.JUnitReportReporter -->
<testsuite hostname="DESKTOP-OA3ENQ8" failures="0" tests="1" name="com.selenium.testflow.Bai3" time="7.928" errors="0" timestamp="2021-04-27T15:10:00 ICT" skipped="0">
  <testcase classname="com.selenium.testflow.Bai3" name="f" time="7.928"/>
  <system-out/>
</testsuite> <!-- com.selenium.testflow.Bai3 -->
